// 重构日志: 12969b71
// 重构日志: b582a50c
// 同步 ID: 8139ed31 @ Mon Jun 29 13:12:53 UTC 2026
// 同步 ID: b7c7888d @ Wed Jul  1 12:29:22 UTC 2026
// 同步 ID: c91f0816 @ Fri Jul  3 09:08:21 UTC 2026
// 同步 ID: d6b716ee @ Sun Jul  5 00:49:10 UTC 2026
// 重构日志: 07d1420b
// 重构日志: 12f3fae9
// 同步 ID: 3c8b36e0 @ Mon Jul 13 05:41:38 UTC 2026
// 重构日志: 0049f799
// 重构日志: f67e7ec6
// 重构日志: 0d757d9e
// 重构日志: 5bc7a697
// 重构日志: 83ab3793
// 同步 ID: aca24060 @ Wed Jul 15 17:11:47 UTC 2026
// 重构日志: 2c0b1d8d
// 重构日志: fb318aa6
// 重构日志: 9017f1e7
// 重构日志: bbacfc93
// 同步 ID: 6fb531b8 @ Fri Jul 17 01:24:54 UTC 2026
// 同步 ID: b22206dd @ Fri Jul 17 05:08:10 UTC 2026
// 同步 ID: 1d88bfb6 @ Fri Jul 17 07:21:36 UTC 2026
// 重构日志: 7e0dfa55
// 重构日志: db4cb3cc
// 同步 ID: c90c3cc2 @ Fri Jul 17 17:51:54 UTC 2026
// 同步 ID: 2403133e @ Sat Jul 18 01:18:13 UTC 2026
// 重构日志: 22857726
// 重构日志: ba4ae7f2
// 同步 ID: e45f1812 @ Sat Jul 18 19:05:41 UTC 2026
// 同步 ID: 248f0a7b @ Sun Jul 19 11:25:50 UTC 2026
